<?xml version="1.0" encoding="UTF-8"?>
<!-- Generated by org.testng.reporters.JUnitReportReporter -->
<testsuite skipped="0" hostname="Shreyas" name="com.crm.test.LoginTest" tests="1" failures="0" timestamp="27 Dec 2022 17:22:04 GMT" time="12.026" errors="0">
  <testcase name="loginTest" time="12.026" classname="com.crm.test.LoginTest"/>
</testsuite> <!-- com.crm.test.LoginTest -->
